  detectCollisions.cpp
C:\Users\aaron\Documents\thomas-was-late\thomas-was-late\detectCollisions.cpp(12,16): warning C4244: '=': conversion from 'const int' to 'T', possible loss of data
          with
          [
              T=float
          ]
C:\Users\aaron\Documents\thomas-was-late\thomas-was-late\detectCollisions.cpp(13,17): warning C4244: '=': conversion from 'const int' to 'T', possible loss of data
          with
          [
              T=float
          ]
C:\Users\aaron\Documents\thomas-was-late\thomas-was-late\detectCollisions.cpp(35,25): warning C4244: 'argument': conversion from 'int' to 'T', possible loss of data
          with
          [
              T=float
          ]
C:\Users\aaron\Documents\thomas-was-late\thomas-was-late\detectCollisions.cpp(34,25): warning C4244: 'argument': conversion from 'int' to 'T', possible loss of data
          with
          [
              T=float
          ]
C:\Users\aaron\Documents\thomas-was-late\thomas-was-late\detectCollisions.cpp(40,44): warning C4244: 'argument': conversion from 'const int' to 'float', possible loss of data
C:\Users\aaron\Documents\thomas-was-late\thomas-was-late\detectCollisions.cpp(49,19): warning C4244: '=': conversion from 'int' to 'T', possible loss of data
          with
          [
              T=float
          ]
C:\Users\aaron\Documents\thomas-was-late\thomas-was-late\detectCollisions.cpp(50,18): warning C4244: '=': conversion from 'int' to 'T', possible loss of data
          with
          [
              T=float
          ]
C:\Users\aaron\Documents\thomas-was-late\thomas-was-late\detectCollisions.cpp(57,47): warning C4244: 'argument': conversion from 'const int' to 'float', possible loss of data
  draw.cpp
  Engine.cpp
C:\Users\aaron\Documents\thomas-was-late\thomas-was-late\Engine.cpp(6,48): warning C4244: '=': conversion from 'unsigned int' to 'T', possible loss of data
          with
          [
              T=float
          ]
C:\Users\aaron\Documents\thomas-was-late\thomas-was-late\Engine.cpp(7,48): warning C4244: '=': conversion from 'unsigned int' to 'T', possible loss of data
          with
          [
              T=float
          ]
C:\Users\aaron\Documents\thomas-was-late\thomas-was-late\Engine.cpp(9,56): warning C4244: 'argument': conversion from 'T' to 'unsigned int', possible loss of data
          with
          [
              T=float
          ]
C:\Users\aaron\Documents\thomas-was-late\thomas-was-late\Engine.cpp(9,42): warning C4244: 'argument': conversion from 'T' to 'unsigned int', possible loss of data
          with
          [
              T=float
          ]
  input.cpp
  loadLevel.cpp
C:\Users\aaron\Documents\thomas-was-late\thomas-was-late\loadLevel.cpp(27,42): warning C4244: 'argument': conversion from 'const int' to 'float', possible loss of data
C:\Users\aaron\Documents\thomas-was-late\thomas-was-late\loadLevel.cpp(28,39): warning C4244: 'argument': conversion from 'const int' to 'float', possible loss of data
C:\Users\aaron\Documents\thomas-was-late\thomas-was-late\loadLevel.cpp(34,22): warning C4834: discarding return value of function with 'nodiscard' attribute
C:\Users\aaron\Documents\thomas-was-late\thomas-was-late\loadLevel.cpp(44,6): warning C4244: 'argument': conversion from 'const int' to 'T', possible loss of data
          with
          [
              T=float
          ]
C:\Users\aaron\Documents\thomas-was-late\thomas-was-late\loadLevel.cpp(43,6): warning C4244: 'argument': conversion from 'const int' to 'T', possible loss of data
          with
          [
              T=float
          ]
C:\Users\aaron\Documents\thomas-was-late\thomas-was-late\loadLevel.cpp(42,8): warning C4244: 'argument': conversion from 'int' to 'T', possible loss of data
          with
          [
              T=float
          ]
C:\Users\aaron\Documents\thomas-was-late\thomas-was-late\loadLevel.cpp(41,22): warning C4244: 'argument': conversion from 'int' to 'T', possible loss of data
          with
          [
              T=float
          ]
C:\Users\aaron\Documents\thomas-was-late\thomas-was-late\loadLevel.cpp(46,57): warning C4244: 'argument': conversion from 'int' to 'T', possible loss of data
          with
          [
              T=float
          ]
C:\Users\aaron\Documents\thomas-was-late\thomas-was-late\loadLevel.cpp(46,42): warning C4244: 'argument': conversion from 'int' to 'T', possible loss of data
          with
          [
              T=float
          ]
C:\Users\aaron\Documents\thomas-was-late\thomas-was-late\loadLevel.cpp(48,31): warning C4244: '=': conversion from 'int' to 'T', possible loss of data
          with
          [
              T=float
          ]
C:\Users\aaron\Documents\thomas-was-late\thomas-was-late\loadLevel.cpp(49,30): warning C4244: '=': conversion from 'int' to 'T', possible loss of data
          with
          [
              T=float
          ]
C:\Users\aaron\Documents\thomas-was-late\thomas-was-late\loadLevel.cpp(50,40): warning C4244: '=': conversion from 'int' to 'T', possible loss of data
          with
          [
              T=float
          ]
C:\Users\aaron\Documents\thomas-was-late\thomas-was-late\loadLevel.cpp(51,41): warning C4244: '=': conversion from 'int' to 'T', possible loss of data
          with
          [
              T=float
          ]
  main.cpp
  SoundManager.cpp
  update.cpp
  Generating Code...
Bob.obj : error LNK2019: unresolved external symbol "__declspec(dllimport) public: static bool __cdecl sf::Keyboard::isKeyPressed(enum sf::Keyboard::Key)" (__imp_?isKeyPressed@Keyboard@sf@@SA_NW4Key@12@@Z) referenced in function "public: virtual bool __cdecl Bob::handleInput(void)" (?handleInput@Bob@@UEAA_NXZ)
input.obj : error LNK2001: unresolved external symbol "__declspec(dllimport) public: static bool __cdecl sf::Keyboard::isKeyPressed(enum sf::Keyboard::Key)" (__imp_?isKeyPressed@Keyboard@sf@@SA_NW4Key@12@@Z)
Thomas.obj : error LNK2001: unresolved external symbol "__declspec(dllimport) public: static bool __cdecl sf::Keyboard::isKeyPressed(enum sf::Keyboard::Key)" (__imp_?isKeyPressed@Keyboard@sf@@SA_NW4Key@12@@Z)
Bob.obj : error LNK2019: unresolved external symbol "__declspec(dllimport) public: __cdecl sf::Texture::Texture(void)" (__imp_??0Texture@sf@@QEAA@XZ) referenced in function "public: __cdecl PlayableCharacter::PlayableCharacter(void)" (??0PlayableCharacter@@QEAA@XZ)
Engine.obj : error LNK2001: unresolved external symbol "__declspec(dllimport) public: __cdecl sf::Texture::Texture(void)" (__imp_??0Texture@sf@@QEAA@XZ)
TextureHolder.obj : error LNK2001: unresolved external symbol "__declspec(dllimport) public: __cdecl sf::Texture::Texture(void)" (__imp_??0Texture@sf@@QEAA@XZ)
Thomas.obj : error LNK2001: unresolved external symbol "__declspec(dllimport) public: __cdecl sf::Texture::Texture(void)" (__imp_??0Texture@sf@@QEAA@XZ)
Thomas.obj : error LNK2019: unresolved external symbol "__declspec(dllimport) public: __cdecl sf::Texture::~Texture(void)" (__imp_??1Texture@sf@@QEAA@XZ) referenced in function "public: __cdecl PlayableCharacter::~PlayableCharacter(void)" (??1PlayableCharacter@@QEAA@XZ)
Bob.obj : error LNK2001: unresolved external symbol "__declspec(dllimport) public: __cdecl sf::Texture::~Texture(void)" (__imp_??1Texture@sf@@QEAA@XZ)
Engine.obj : error LNK2001: unresolved external symbol "__declspec(dllimport) public: __cdecl sf::Texture::~Texture(void)" (__imp_??1Texture@sf@@QEAA@XZ)
main.obj : error LNK2001: unresolved external symbol "__declspec(dllimport) public: __cdecl sf::Texture::~Texture(void)" (__imp_??1Texture@sf@@QEAA@XZ)
TextureHolder.obj : error LNK2001: unresolved external symbol "__declspec(dllimport) public: __cdecl sf::Texture::~Texture(void)" (__imp_??1Texture@sf@@QEAA@XZ)
Bob.obj : error LNK2019: unresolved external symbol "__declspec(dllimport) public: __cdecl sf::Sprite::Sprite(void)" (__imp_??0Sprite@sf@@QEAA@XZ) referenced in function "public: __cdecl PlayableCharacter::PlayableCharacter(void)" (??0PlayableCharacter@@QEAA@XZ)
Engine.obj : error LNK2001: unresolved external symbol "__declspec(dllimport) public: __cdecl sf::Sprite::Sprite(void)" (__imp_??0Sprite@sf@@QEAA@XZ)
Thomas.obj : error LNK2001: unresolved external symbol "__declspec(dllimport) public: __cdecl sf::Sprite::Sprite(void)" (__imp_??0Sprite@sf@@QEAA@XZ)
Bob.obj : error LNK2019: unresolved external symbol "__declspec(dllimport) public: __cdecl sf::Sprite::Sprite(class sf::Texture const &)" (__imp_??0Sprite@sf@@QEAA@AEBVTexture@1@@Z) referenced in function "public: __cdecl Bob::Bob(void)" (??0Bob@@QEAA@XZ)
Thomas.obj : error LNK2001: unresolved external symbol "__declspec(dllimport) public: __cdecl sf::Sprite::Sprite(class sf::Texture const &)" (__imp_??0Sprite@sf@@QEAA@AEBVTexture@1@@Z)
Thomas.obj : error LNK2019: unresolved external symbol "__declspec(dllimport) public: virtual __cdecl sf::Sprite::~Sprite(void)" (__imp_??1Sprite@sf@@UEAA@XZ) referenced in function "int `public: __cdecl PlayableCharacter::PlayableCharacter(void)'::`1'::dtor$0" (?dtor$0@?0???0PlayableCharacter@@QEAA@XZ@4HA)
Bob.obj : error LNK2001: unresolved external symbol "__declspec(dllimport) public: virtual __cdecl sf::Sprite::~Sprite(void)" (__imp_??1Sprite@sf@@UEAA@XZ)
draw.obj : error LNK2001: unresolved external symbol "__declspec(dllimport) public: virtual __cdecl sf::Sprite::~Sprite(void)" (__imp_??1Sprite@sf@@UEAA@XZ)
Engine.obj : error LNK2001: unresolved external symbol "__declspec(dllimport) public: virtual __cdecl sf::Sprite::~Sprite(void)" (__imp_??1Sprite@sf@@UEAA@XZ)
main.obj : error LNK2001: unresolved external symbol "__declspec(dllimport) public: virtual __cdecl sf::Sprite::~Sprite(void)" (__imp_??1Sprite@sf@@UEAA@XZ)
Bob.obj : error LNK2019: unresolved external symbol "__declspec(dllimport) public: class sf::Sprite & __cdecl sf::Sprite::operator=(class sf::Sprite &&)" (__imp_??4Sprite@sf@@QEAAAEAV01@$$QEAV01@@Z) referenced in function "public: __cdecl Bob::Bob(void)" (??0Bob@@QEAA@XZ)
Thomas.obj : error LNK2001: unresolved external symbol "__declspec(dllimport) public: class sf::Sprite & __cdecl sf::Sprite::operator=(class sf::Sprite &&)" (__imp_??4Sprite@sf@@QEAAAEAV01@$$QEAV01@@Z)
draw.obj : error LNK2019: unresolved external symbol "__declspec(dllimport) public: void __cdecl sf::Window::display(void)" (__imp_?display@Window@sf@@QEAAXXZ) referenced in function "private: void __cdecl Engine::draw(void)" (?draw@Engine@@AEAAXXZ)
draw.obj : error LNK2019: unresolved external symbol "__declspec(dllimport) public: __cdecl sf::RenderStates::RenderStates(class sf::Texture const *)" (__imp_??0RenderStates@sf@@QEAA@PEBVTexture@1@@Z) referenced in function "private: void __cdecl Engine::draw(void)" (?draw@Engine@@AEAAXXZ)
draw.obj : error LNK2019: unresolved external symbol "__declspec(dllimport) public: void __cdecl sf::RenderTarget::clear(class sf::Color const &)" (__imp_?clear@RenderTarget@sf@@QEAAXAEBVColor@2@@Z) referenced in function "private: void __cdecl Engine::draw(void)" (?draw@Engine@@AEAAXXZ)
    Hint on symbols that are defined and could potentially match:
      "__declspec(dllimport) public: void __cdecl std::basic_ios<char,struct std::char_traits<char> >::clear(int,bool)" (__imp_?clear@?$basic_ios@DU?$char_traits@D@std@@@std@@QEAAXH_N@Z)
draw.obj : error LNK2019: unresolved external symbol "__declspec(dllimport) public: void __cdecl sf::RenderTarget::setView(class sf::View const &)" (__imp_?setView@RenderTarget@sf@@QEAAXAEBVView@2@@Z) referenced in function "private: void __cdecl Engine::draw(void)" (?draw@Engine@@AEAAXXZ)
draw.obj : error LNK2019: unresolved external symbol "__declspec(dllimport) public: void __cdecl sf::RenderTarget::draw(class sf::Drawable const &,class sf::RenderStates const &)" (__imp_?draw@RenderTarget@sf@@QEAAXAEBVDrawable@2@AEBVRenderStates@2@@Z) referenced in function "private: void __cdecl Engine::draw(void)" (?draw@Engine@@AEAAXXZ)
draw.obj : error LNK2019: unresolved external symbol "__declspec(dllimport) public: static class sf::RenderStates const sf::RenderStates::Default" (__imp_?Default@RenderStates@sf@@2V12@B) referenced in function "private: void __cdecl Engine::draw(void)" (?draw@Engine@@AEAAXXZ)
draw.obj : error LNK2019: unresolved external symbol "__declspec(dllimport) public: static class sf::Color const sf::Color::White" (__imp_?White@Color@sf@@2V12@B) referenced in function "private: void __cdecl Engine::draw(void)" (?draw@Engine@@AEAAXXZ)
Engine.obj : error LNK2019: unresolved external symbol "__declspec(dllimport) public: __cdecl sf::Time::Time(void)" (__imp_??0Time@sf@@QEAA@XZ) referenced in function "public: __cdecl Engine::Engine(void)" (??0Engine@@QEAA@XZ)
Engine.obj : error LNK2019: unresolved external symbol "__declspec(dllimport) public: float __cdecl sf::Time::asSeconds(void)const " (__imp_?asSeconds@Time@sf@@QEBAMXZ) referenced in function "public: void __cdecl Engine::run(void)" (?run@Engine@@QEAAXXZ)
Engine.obj : error LNK2019: unresolved external symbol "__declspec(dllimport) class sf::Time & __cdecl sf::operator+=(class sf::Time &,class sf::Time)" (__imp_??Ysf@@YAAEAVTime@0@AEAV10@V10@@Z) referenced in function "public: void __cdecl Engine::run(void)" (?run@Engine@@QEAAXXZ)
Engine.obj : error LNK2019: unresolved external symbol "__declspec(dllimport) public: __cdecl sf::Clock::Clock(void)" (__imp_??0Clock@sf@@QEAA@XZ) referenced in function "public: void __cdecl Engine::run(void)" (?run@Engine@@QEAAXXZ)
Engine.obj : error LNK2019: unresolved external symbol "__declspec(dllimport) public: class sf::Time __cdecl sf::Clock::restart(void)" (__imp_?restart@Clock@sf@@QEAA?AVTime@2@XZ) referenced in function "public: void __cdecl Engine::run(void)" (?run@Engine@@QEAAXXZ)
Engine.obj : error LNK2019: unresolved external symbol "__declspec(dllimport) public: __cdecl sf::String::String(char const *,class std::locale const &)" (__imp_??0String@sf@@QEAA@PEBDAEBVlocale@std@@@Z) referenced in function "public: __cdecl Engine::Engine(void)" (??0Engine@@QEAA@XZ)
Engine.obj : error LNK2019: unresolved external symbol "__declspec(dllimport) public: __cdecl sf::String::~String(void)" (__imp_??1String@sf@@QEAA@XZ) referenced in function "public: __cdecl Engine::Engine(void)" (??0Engine@@QEAA@XZ)
Engine.obj : error LNK2019: unresolved external symbol "__declspec(dllimport) public: __cdecl sf::VideoMode::VideoMode(unsigned int,unsigned int,unsigned int)" (__imp_??0VideoMode@sf@@QEAA@III@Z) referenced in function "public: __cdecl Engine::Engine(void)" (??0Engine@@QEAA@XZ)
Engine.obj : error LNK2019: unresolved external symbol "__declspec(dllimport) public: static class sf::VideoMode __cdecl sf::VideoMode::getDesktopMode(void)" (__imp_?getDesktopMode@VideoMode@sf@@SA?AV12@XZ) referenced in function "public: __cdecl Engine::Engine(void)" (??0Engine@@QEAA@XZ)
Engine.obj : error LNK2019: unresolved external symbol "__declspec(dllimport) public: void __cdecl sf::Window::create(class sf::VideoMode,class sf::String const &,unsigned int,struct sf::ContextSettings const &)" (__imp_?create@Window@sf@@QEAAXVVideoMode@2@AEBVString@2@IAEBUContextSettings@2@@Z) referenced in function "public: __cdecl Engine::Engine(void)" (??0Engine@@QEAA@XZ)
Engine.obj : error LNK2019: unresolved external symbol "__declspec(dllimport) public: bool __cdecl sf::Window::isOpen(void)const " (__imp_?isOpen@Window@sf@@QEBA_NXZ) referenced in function "public: void __cdecl Engine::run(void)" (?run@Engine@@QEAAXXZ)
Engine.obj : error LNK2019: unresolved external symbol "__declspec(dllimport) public: __cdecl sf::VertexArray::VertexArray(void)" (__imp_??0VertexArray@sf@@QEAA@XZ) referenced in function "public: __cdecl Engine::Engine(void)" (??0Engine@@QEAA@XZ)
Engine.obj : error LNK2019: unresolved external symbol "__declspec(dllimport) public: virtual __cdecl sf::VertexArray::~VertexArray(void)" (__imp_??1VertexArray@sf@@UEAA@XZ) referenced in function "int `public: __cdecl Engine::Engine(void)'::`1'::dtor$7" (?dtor$7@?0???0Engine@@QEAA@XZ@4HA)
main.obj : error LNK2001: unresolved external symbol "__declspec(dllimport) public: virtual __cdecl sf::VertexArray::~VertexArray(void)" (__imp_??1VertexArray@sf@@UEAA@XZ)
Engine.obj : error LNK2019: unresolved external symbol "__declspec(dllimport) public: class sf::Texture & __cdecl sf::Texture::operator=(class sf::Texture const &)" (__imp_??4Texture@sf@@QEAAAEAV01@AEBV01@@Z) referenced in function "public: __cdecl Engine::Engine(void)" (??0Engine@@QEAA@XZ)
Engine.obj : error LNK2019: unresolved external symbol "__declspec(dllimport) public: __cdecl sf::View::View(void)" (__imp_??0View@sf@@QEAA@XZ) referenced in function "public: __cdecl Engine::Engine(void)" (??0Engine@@QEAA@XZ)
Engine.obj : error LNK2019: unresolved external symbol "__declspec(dllimport) public: void __cdecl sf::View::setSize(class sf::Vector2<float> const &)" (__imp_?setSize@View@sf@@QEAAXAEBV?$Vector2@M@2@@Z) referenced in function "public: __cdecl Engine::Engine(void)" (??0Engine@@QEAA@XZ)
Engine.obj : error LNK2019: unresolved external symbol "__declspec(dllimport) public: void __cdecl sf::View::setViewport(class sf::Rect<float> const &)" (__imp_?setViewport@View@sf@@QEAAXAEBV?$Rect@M@2@@Z) referenced in function "public: __cdecl Engine::Engine(void)" (??0Engine@@QEAA@XZ)
Engine.obj : error LNK2019: unresolved external symbol "__declspec(dllimport) public: void __cdecl sf::View::reset(class sf::Rect<float> const &)" (__imp_?reset@View@sf@@QEAAXAEBV?$Rect@M@2@@Z) referenced in function "public: __cdecl Engine::Engine(void)" (??0Engine@@QEAA@XZ)
Engine.obj : error LNK2019: unresolved external symbol "__declspec(dllimport) public: __cdecl sf::RenderWindow::RenderWindow(void)" (__imp_??0RenderWindow@sf@@QEAA@XZ) referenced in function "public: __cdecl Engine::Engine(void)" (??0Engine@@QEAA@XZ)
Engine.obj : error LNK2019: unresolved external symbol "__declspec(dllimport) public: virtual __cdecl sf::RenderWindow::~RenderWindow(void)" (__imp_??1RenderWindow@sf@@UEAA@XZ) referenced in function "int `public: __cdecl Engine::Engine(void)'::`1'::dtor$4" (?dtor$4@?0???0Engine@@QEAA@XZ@4HA)
main.obj : error LNK2001: unresolved external symbol "__declspec(dllimport) public: virtual __cdecl sf::RenderWindow::~RenderWindow(void)" (__imp_??1RenderWindow@sf@@UEAA@XZ)
Engine.obj : error LNK2019: unresolved external symbol "__declspec(dllimport) public: void __cdecl sf::Sprite::setTexture(class sf::Texture const &,bool)" (__imp_?setTexture@Sprite@sf@@QEAAXAEBVTexture@2@_N@Z) referenced in function "public: __cdecl Engine::Engine(void)" (??0Engine@@QEAA@XZ)
Engine.obj : error LNK2019: unresolved external symbol "__declspec(dllimport) public: virtual __cdecl sf::Sound::~Sound(void)" (__imp_??1Sound@sf@@UEAA@XZ) referenced in function "public: __cdecl SoundManager::~SoundManager(void)" (??1SoundManager@@QEAA@XZ)
main.obj : error LNK2001: unresolved external symbol "__declspec(dllimport) public: virtual __cdecl sf::Sound::~Sound(void)" (__imp_??1Sound@sf@@UEAA@XZ)
SoundManager.obj : error LNK2001: unresolved external symbol "__declspec(dllimport) public: virtual __cdecl sf::Sound::~Sound(void)" (__imp_??1Sound@sf@@UEAA@XZ)
Engine.obj : error LNK2019: unresolved external symbol "__declspec(dllimport) public: __cdecl sf::SoundBuffer::~SoundBuffer(void)" (__imp_??1SoundBuffer@sf@@QEAA@XZ) referenced in function "public: __cdecl SoundManager::~SoundManager(void)" (??1SoundManager@@QEAA@XZ)
main.obj : error LNK2001: unresolved external symbol "__declspec(dllimport) public: __cdecl sf::SoundBuffer::~SoundBuffer(void)" (__imp_??1SoundBuffer@sf@@QEAA@XZ)
SoundManager.obj : error LNK2001: unresolved external symbol "__declspec(dllimport) public: __cdecl sf::SoundBuffer::~SoundBuffer(void)" (__imp_??1SoundBuffer@sf@@QEAA@XZ)
input.obj : error LNK2019: unresolved external symbol "__declspec(dllimport) public: void __cdecl sf::Window::close(void)" (__imp_?close@Window@sf@@QEAAXXZ) referenced in function "private: void __cdecl Engine::input(void)" (?input@Engine@@AEAAXXZ)
input.obj : error LNK2019: unresolved external symbol "__declspec(dllimport) public: bool __cdecl sf::Window::pollEvent(class sf::Event &)" (__imp_?pollEvent@Window@sf@@QEAA_NAEAVEvent@2@@Z) referenced in function "private: void __cdecl Engine::input(void)" (?input@Engine@@AEAAXXZ)
LevelManager.obj : error LNK2019: unresolved external symbol "__declspec(dllimport) public: class sf::Vertex & __cdecl sf::VertexArray::operator[](unsigned __int64)" (__imp_??AVertexArray@sf@@QEAAAEAVVertex@1@_K@Z) referenced in function "public: int * * __cdecl LevelManager::nextLevel(class sf::VertexArray &)" (?nextLevel@LevelManager@@QEAAPEAPEAHAEAVVertexArray@sf@@@Z)
LevelManager.obj : error LNK2019: unresolved external symbol "__declspec(dllimport) public: void __cdecl sf::VertexArray::resize(unsigned __int64)" (__imp_?resize@VertexArray@sf@@QEAAX_K@Z) referenced in function "public: int * * __cdecl LevelManager::nextLevel(class sf::VertexArray &)" (?nextLevel@LevelManager@@QEAAPEAPEAHAEAVVertexArray@sf@@@Z)
LevelManager.obj : error LNK2019: unresolved external symbol "__declspec(dllimport) public: void __cdecl sf::VertexArray::setPrimitiveType(enum sf::PrimitiveType)" (__imp_?setPrimitiveType@VertexArray@sf@@QEAAXW4PrimitiveType@2@@Z) referenced in function "public: int * * __cdecl LevelManager::nextLevel(class sf::VertexArray &)" (?nextLevel@LevelManager@@QEAAPEAPEAHAEAVVertexArray@sf@@@Z)
PlayableCharacter.obj : error LNK2019: unresolved external symbol "__declspec(dllimport) public: void __cdecl sf::Transformable::setPosition(class sf::Vector2<float> const &)" (__imp_?setPosition@Transformable@sf@@QEAAXAEBV?$Vector2@M@2@@Z) referenced in function "public: void __cdecl PlayableCharacter::spawn(class sf::Vector2<float>,float)" (?spawn@PlayableCharacter@@QEAAXV?$Vector2@M@sf@@M@Z)
PlayableCharacter.obj : error LNK2019: unresolved external symbol "__declspec(dllimport) public: class sf::Rect<float> __cdecl sf::Sprite::getGlobalBounds(void)const " (__imp_?getGlobalBounds@Sprite@sf@@QEBA?AV?$Rect@M@2@XZ) referenced in function "public: class sf::Vector2<float> __cdecl PlayableCharacter::getCenter(void)" (?getCenter@PlayableCharacter@@QEAA?AV?$Vector2@M@sf@@XZ)
PlayableCharacter.obj : error LNK2019: unresolved external symbol "__declspec(dllimport) public: __cdecl sf::Sprite::Sprite(class sf::Sprite const &)" (__imp_??0Sprite@sf@@QEAA@AEBV01@@Z) referenced in function "public: class sf::Sprite __cdecl PlayableCharacter::getSprite(void)" (?getSprite@PlayableCharacter@@QEAA?AVSprite@sf@@XZ)
SoundManager.obj : error LNK2019: unresolved external symbol "__declspec(dllimport) public: static void __cdecl sf::Listener::setPosition(float,float,float)" (__imp_?setPosition@Listener@sf@@SAXMMM@Z) referenced in function "public: void __cdecl SoundManager::PlayFire(class sf::Vector2<float>,class sf::Vector2<float>)" (?PlayFire@SoundManager@@QEAAXV?$Vector2@M@sf@@0@Z)
SoundManager.obj : error LNK2019: unresolved external symbol "__declspec(dllimport) public: void __cdecl sf::SoundSource::setPosition(float,float,float)" (__imp_?setPosition@SoundSource@sf@@QEAAXMMM@Z) referenced in function "public: void __cdecl SoundManager::PlayFire(class sf::Vector2<float>,class sf::Vector2<float>)" (?PlayFire@SoundManager@@QEAAXV?$Vector2@M@sf@@0@Z)
SoundManager.obj : error LNK2019: unresolved external symbol "__declspec(dllimport) public: void __cdecl sf::SoundSource::setRelativeToListener(bool)" (__imp_?setRelativeToListener@SoundSource@sf@@QEAAX_N@Z) referenced in function "public: void __cdecl SoundManager::PlayFallInFire(void)" (?PlayFallInFire@SoundManager@@QEAAXXZ)
SoundManager.obj : error LNK2019: unresolved external symbol "__declspec(dllimport) public: void __cdecl sf::SoundSource::setMinDistance(float)" (__imp_?setMinDistance@SoundSource@sf@@QEAAXM@Z) referenced in function "public: __cdecl SoundManager::SoundManager(void)" (??0SoundManager@@QEAA@XZ)
SoundManager.obj : error LNK2019: unresolved external symbol "__declspec(dllimport) public: void __cdecl sf::SoundSource::setAttenuation(float)" (__imp_?setAttenuation@SoundSource@sf@@QEAAXM@Z) referenced in function "public: __cdecl SoundManager::SoundManager(void)" (??0SoundManager@@QEAA@XZ)
SoundManager.obj : error LNK2019: unresolved external symbol "__declspec(dllimport) public: __cdecl sf::Sound::Sound(void)" (__imp_??0Sound@sf@@QEAA@XZ) referenced in function "public: __cdecl SoundManager::SoundManager(void)" (??0SoundManager@@QEAA@XZ)
SoundManager.obj : error LNK2019: unresolved external symbol "__declspec(dllimport) public: void __cdecl sf::Sound::setBuffer(class sf::SoundBuffer const &)" (__imp_?setBuffer@Sound@sf@@QEAAXAEBVSoundBuffer@2@@Z) referenced in function "public: __cdecl SoundManager::SoundManager(void)" (??0SoundManager@@QEAA@XZ)
SoundManager.obj : error LNK2019: unresolved external symbol "__declspec(dllimport) public: void __cdecl sf::Sound::setLoop(bool)" (__imp_?setLoop@Sound@sf@@QEAAX_N@Z) referenced in function "public: __cdecl SoundManager::SoundManager(void)" (??0SoundManager@@QEAA@XZ)
SoundManager.obj : error LNK2019: unresolved external symbol "__declspec(dllimport) public: __cdecl sf::SoundBuffer::SoundBuffer(void)" (__imp_??0SoundBuffer@sf@@QEAA@XZ) referenced in function "public: __cdecl SoundManager::SoundManager(void)" (??0SoundManager@@QEAA@XZ)
SoundManager.obj : error LNK2019: unresolved external symbol "__declspec(dllimport) public: bool __cdecl sf::SoundBuffer::loadFromFile(class std::basic_string<char,struct std::char_traits<char>,class std::allocator<char> > const &)" (__imp_?loadFromFile@SoundBuffer@sf@@QEAA_NAEBV?$basic_string@DU?$char_traits@D@std@@V?$allocator@D@2@@std@@@Z) referenced in function "public: __cdecl SoundManager::SoundManager(void)" (??0SoundManager@@QEAA@XZ)
TextureHolder.obj : error LNK2019: unresolved external symbol "__declspec(dllimport) public: bool __cdecl sf::Texture::loadFromFile(class std::basic_string<char,struct std::char_traits<char>,class std::allocator<char> > const &,class sf::Rect<int> const &)" (__imp_?loadFromFile@Texture@sf@@QEAA_NAEBV?$basic_string@DU?$char_traits@D@std@@V?$allocator@D@2@@std@@AEBV?$Rect@H@2@@Z) referenced in function "public: static class sf::Texture & __cdecl TextureHolder::GetTexture(class std::basic_string<char,struct std::char_traits<char>,class std::allocator<char> > const &)" (?GetTexture@TextureHolder@@SAAEAVTexture@sf@@AEBV?$basic_string@DU?$char_traits@D@std@@V?$allocator@D@2@@std@@@Z)
update.obj : error LNK2019: unresolved external symbol "__declspec(dllimport) public: void __cdecl sf::View::setCenter(class sf::Vector2<float> const &)" (__imp_?setCenter@View@sf@@QEAAXAEBV?$Vector2@M@2@@Z) referenced in function "private: void __cdecl Engine::update(float)" (?update@Engine@@AEAAXM@Z)
C:\Users\aaron\Documents\thomas-was-late\thomas-was-late\lib\sfml-graphics-d.lib : warning LNK4272: library machine type 'x86' conflicts with target machine type 'x64'
C:\Users\aaron\Documents\thomas-was-late\thomas-was-late\lib\sfml-window-d.lib : warning LNK4272: library machine type 'x86' conflicts with target machine type 'x64'
C:\Users\aaron\Documents\thomas-was-late\thomas-was-late\lib\sfml-audio-d.lib : warning LNK4272: library machine type 'x86' conflicts with target machine type 'x64'
C:\Users\aaron\Documents\thomas-was-late\thomas-was-late\lib\sfml-system-d.lib : warning LNK4272: library machine type 'x86' conflicts with target machine type 'x64'
C:\Users\aaron\Documents\thomas-was-late\thomas-was-late\lib\sfml-network-d.lib : warning LNK4272: library machine type 'x86' conflicts with target machine type 'x64'
C:\Users\aaron\Documents\thomas-was-late\x64\Debug\thomas-was-late.exe : fatal error LNK1120: 57 unresolved externals
